[2025-01-09 22:51:40,449] INFO [ControllerEventThread controllerId=0] Starting (kafka.controller.ControllerEventManager$ControllerEventThread)
[2025-01-09 22:51:40,522] INFO [Controller id=0] 0 successfully elected as the controller. Epoch incremented to 1 and epoch zk version is now 1 (kafka.controller.KafkaController)
[2025-01-09 22:51:40,526] INFO [Controller id=0] Creating FeatureZNode at path: /feature with contents: FeatureZNode(2,Enabled,Map()) (kafka.controller.KafkaController)
[2025-01-09 22:51:40,571] INFO [Controller id=0] Registering handlers (kafka.controller.KafkaController)
[2025-01-09 22:51:40,575] INFO [Controller id=0] Deleting log dir event notifications (kafka.controller.KafkaController)
[2025-01-09 22:51:40,578] INFO [Controller id=0] Deleting isr change notifications (kafka.controller.KafkaController)
[2025-01-09 22:51:40,580] INFO [Controller id=0] Initializing controller context (kafka.controller.KafkaController)
[2025-01-09 22:51:40,594] INFO [Controller id=0] Initialized broker epochs cache: HashMap(0 -> 25) (kafka.controller.KafkaController)
[2025-01-09 22:51:40,598] DEBUG [Controller id=0] Register BrokerModifications handler for Set(0) (kafka.controller.KafkaController)
[2025-01-09 22:51:40,603] DEBUG [Channel manager on controller 0]: Controller 0 trying to connect to broker 0 (kafka.controller.ControllerChannelManager)
[2025-01-09 22:51:40,610] INFO [RequestSendThread controllerId=0] Starting (kafka.controller.RequestSendThread)
[2025-01-09 22:51:40,611] INFO [Controller id=0] Currently active brokers in the cluster: Set(0) (kafka.controller.KafkaController)
[2025-01-09 22:51:40,611] INFO [Controller id=0] Currently shutting brokers in the cluster: HashSet() (kafka.controller.KafkaController)
[2025-01-09 22:51:40,612] INFO [Controller id=0] Current list of topics in the cluster: HashSet() (kafka.controller.KafkaController)
[2025-01-09 22:51:40,612] INFO [Controller id=0] Fetching topic deletions in progress (kafka.controller.KafkaController)
[2025-01-09 22:51:40,614] INFO [Controller id=0] List of topics to be deleted:  (kafka.controller.KafkaController)
[2025-01-09 22:51:40,615] INFO [Controller id=0] List of topics ineligible for deletion:  (kafka.controller.KafkaController)
[2025-01-09 22:51:40,615] INFO [Controller id=0] Initializing topic deletion manager (kafka.controller.KafkaController)
[2025-01-09 22:51:40,615] INFO [Topic Deletion Manager 0] Initializing manager with initial deletions: Set(), initial ineligible deletions: HashSet() (kafka.controller.TopicDeletionManager)
[2025-01-09 22:51:40,617] INFO [Controller id=0] Sending update metadata request (kafka.controller.KafkaController)
[2025-01-09 22:51:40,627] INFO [ReplicaStateMachine controllerId=0] Initializing replica state (kafka.controller.ZkReplicaStateMachine)
[2025-01-09 22:51:40,627] INFO [ReplicaStateMachine controllerId=0] Triggering online replica state changes (kafka.controller.ZkReplicaStateMachine)
[2025-01-09 22:51:40,631] INFO [ReplicaStateMachine controllerId=0] Triggering offline replica state changes (kafka.controller.ZkReplicaStateMachine)
[2025-01-09 22:51:40,631] DEBUG [ReplicaStateMachine controllerId=0] Started replica state machine with initial state -> HashMap() (kafka.controller.ZkReplicaStateMachine)
[2025-01-09 22:51:40,632] INFO [PartitionStateMachine controllerId=0] Initializing partition state (kafka.controller.ZkPartitionStateMachine)
[2025-01-09 22:51:40,632] INFO [PartitionStateMachine controllerId=0] Triggering online partition state changes (kafka.controller.ZkPartitionStateMachine)
[2025-01-09 22:51:40,634] INFO [RequestSendThread controllerId=0] Controller 0 connected to 192.168.1.68:9092 (id: 0 rack: null) for sending state change requests (kafka.controller.RequestSendThread)
[2025-01-09 22:51:40,634] DEBUG [PartitionStateMachine controllerId=0] Started partition state machine with initial state -> HashMap() (kafka.controller.ZkPartitionStateMachine)
[2025-01-09 22:51:40,635] INFO [Controller id=0] Ready to serve as the new controller with epoch 1 (kafka.controller.KafkaController)
[2025-01-09 22:51:40,640] INFO [Controller id=0] Partitions undergoing preferred replica election:  (kafka.controller.KafkaController)
[2025-01-09 22:51:40,640] INFO [Controller id=0] Partitions that completed preferred replica election:  (kafka.controller.KafkaController)
[2025-01-09 22:51:40,641] INFO [Controller id=0] Skipping preferred replica election for partitions due to topic deletion:  (kafka.controller.KafkaController)
[2025-01-09 22:51:40,641] INFO [Controller id=0] Resuming preferred replica election for partitions:  (kafka.controller.KafkaController)
[2025-01-09 22:51:40,642] INFO [Controller id=0] Starting replica leader election (PREFERRED) for partitions  triggered by ZkTriggered (kafka.controller.KafkaController)
[2025-01-09 22:51:40,681] INFO [Controller id=0] Starting the controller scheduler (kafka.controller.KafkaController)
[2025-01-09 22:51:45,682] INFO [Controller id=0] Processing automatic preferred replica leader election (kafka.controller.KafkaController)
[2025-01-09 22:51:45,683] TRACE [Controller id=0] Checking need to trigger auto leader balancing (kafka.controller.KafkaController)
[2025-01-09 22:52:58,702] INFO [Controller id=0] Shutting down broker 0 (kafka.controller.KafkaController)
[2025-01-09 22:52:58,702] DEBUG [Controller id=0] All shutting down brokers: 0 (kafka.controller.KafkaController)
[2025-01-09 22:52:58,703] DEBUG [Controller id=0] Live brokers:  (kafka.controller.KafkaController)
[2025-01-09 22:52:58,705] TRACE [Controller id=0] All leaders =  (kafka.controller.KafkaController)
[2025-01-09 22:52:58,834] INFO [ControllerEventThread controllerId=0] Shutting down (kafka.controller.ControllerEventManager$ControllerEventThread)
[2025-01-09 22:52:58,834] INFO [ControllerEventThread controllerId=0] Stopped (kafka.controller.ControllerEventManager$ControllerEventThread)
[2025-01-09 22:52:58,834] INFO [ControllerEventThread controllerId=0] Shutdown completed (kafka.controller.ControllerEventManager$ControllerEventThread)
[2025-01-09 22:52:58,834] DEBUG [Controller id=0] Resigning (kafka.controller.KafkaController)
[2025-01-09 22:52:58,835] DEBUG [Controller id=0] Unregister BrokerModifications handler for Set(0) (kafka.controller.KafkaController)
[2025-01-09 22:52:58,836] INFO [PartitionStateMachine controllerId=0] Stopped partition state machine (kafka.controller.ZkPartitionStateMachine)
[2025-01-09 22:52:58,836] INFO [ReplicaStateMachine controllerId=0] Stopped replica state machine (kafka.controller.ZkReplicaStateMachine)
[2025-01-09 22:52:58,837] INFO [RequestSendThread controllerId=0] Shutting down (kafka.controller.RequestSendThread)
[2025-01-09 22:52:58,837] INFO [RequestSendThread controllerId=0] Stopped (kafka.controller.RequestSendThread)
[2025-01-09 22:52:58,837] INFO [RequestSendThread controllerId=0] Shutdown completed (kafka.controller.RequestSendThread)
[2025-01-09 22:52:58,838] INFO [Controller id=0] Resigned (kafka.controller.KafkaController)
